   0  $accept : program $end

   1  program :
   2          | var_dcl sc program
   3          | func_proc program
   4          | struct_dec program

   5  sc : ';'

   6  func_proc : func_dcl
   7            | extern_dcl
   8            | proc_dcl

   9  $$1 :

  10  func_dcl : typee ID $$1 '(' opt_arguments ')' func_end

  11  func_end : sc
  12           | block

  13  extern_dcl : EXTERN typee ID sc

  14  opt_arguments :
  15                | arguments

  16  arguments : typee ID opt_full_brackets
  17            | arguments ',' typee ID opt_full_brackets

  18  opt_brackets :
  19               | opt_brackets '[' ']'

  20  proc_dcl : PROCEDURE ID '(' opt_arguments ')' sc
  21           | PROCEDURE ID '(' opt_arguments ')' block

  22  typee : INT
  23        | BOOL
  24        | FLOAT
  25        | LONG
  26        | CHAR
  27        | DOUBLE
  28        | ID
  29        | STRING
  30        | VOID
  31        | AUTO

  32  struct_dec : RECORD ID '{' var_dcls '}' sc

  33  var_dcls : var_dcl sc
  34           | var_dcls var_dcl sc

  35  opt_var_dcls :
  36               | var_dcl

  37  var_dcl : typee var_dcl_cnts
  38          | CONST typee var_dcl_cnts

  39  var_dcl_cnts : var_dcl_cnt
  40               | var_dcl_cnts ',' var_dcl_cnt

  41  var_dcl_cnt : variable
  42              | variable '=' expr

  43  opt_full_brackets :
  44                    | opt_full_brackets '[' expr ']'

  45  block : '{' block_content '}'

  46  block_content :
  47                | var_dcl sc block_content
  48                | statement block_content
  49                | block block_content

  50  statement : assignment sc
  51            | variable_ sc
  52            | method_call sc
  53            | cond_stmt
  54            | loop_stmt
  55            | RETURN sc
  56            | RETURN expr sc
  57            | goto sc
  58            | label
  59            | BREAK sc
  60            | CONTINUE sc
  61            | SIZEOF '(' typee ')' sc

  62  assignment : variable '=' expr

  63  method_call : ID '(' opt_parameters ')'

  64  opt_parameters :
  65                 | parameters

  66  parameters : expr
  67             | parameters ',' expr

  68  cond_stmt : IF '(' expr ')' block
  69            | IF '(' expr ')' block ELSE block
  70            | SWITCH '(' ID ')' OF ':' '{' opt_cases DEFAULT ':' block '}'

  71  opt_cases :
  72            | opt_cases CASE int_const ':' block

  73  loop_stmt : FOR '(' opt_var_dcls sc expr sc assignment ')' block
  74            | FOR '(' opt_var_dcls sc expr sc expr ')' block
  75            | REPEAT block UNTIL '(' expr ')' sc
  76            | FOREACH '(' ID IN ID ')' block

  77  goto : GOTO ID

  78  label : ID ':'

  79  expr : expr '+' expr
  80       | expr '-' expr
  81       | expr '*' expr
  82       | expr '/' expr
  83       | expr '%' expr
  84       | expr '|' expr
  85       | expr '&' expr
  86       | expr '^' expr
  87       | expr '>' expr
  88       | expr '<' expr
  89       | expr AND expr
  90       | expr OR expr
  91       | expr EQ expr
  92       | expr NE expr
  93       | expr GE expr
  94       | expr LE expr
  95       | '(' expr ')'
  96       | method_call
  97       | variable
  98       | const_val
  99       | '-' expr
 100       | '+' expr
 101       | '!' expr
 102       | SIZEOF '(' typee ')'

 103  variable : ID opt_full_brackets
 104           | ID opt_full_brackets '.' variable
 105           | variable_

 106  variable_ : '~' variable
 107            | DEC variable
 108            | INC variable
 109            | variable DEC
 110            | variable INC

 111  const_val : IC
 112            | RC
 113            | CC
 114            | BC
 115            | SC

 116  int_const : IC
 117            | CC

state 0
	$accept : . program $end  (0)
	program : .  (1)

	EXTERN  shift 1
	PROCEDURE  shift 2
	INT  shift 3
	BOOL  shift 4
	FLOAT  shift 5
	LONG  shift 6
	CHAR  shift 7
	DOUBLE  shift 8
	STRING  shift 9
	VOID  shift 10
	AUTO  shift 11
	RECORD  shift 12
	CONST  shift 13
	ID  shift 14
	$end  reduce 1

	program  goto 15
	typee  goto 16
	var_dcl  goto 17
	func_proc  goto 18
	struct_dec  goto 19
	func_dcl  goto 20
	extern_dcl  goto 21
	proc_dcl  goto 22


state 1
	extern_dcl : EXTERN . typee ID sc  (13)

	INT  shift 3
	BOOL  shift 4
	FLOAT  shift 5
	LONG  shift 6
	CHAR  shift 7
	DOUBLE  shift 8
	STRING  shift 9
	VOID  shift 10
	AUTO  shift 11
	ID  shift 14
	.  error

	typee  goto 23


state 2
	proc_dcl : PROCEDURE . ID '(' opt_arguments ')' sc  (20)
	proc_dcl : PROCEDURE . ID '(' opt_arguments ')' block  (21)

	ID  shift 24
	.  error


state 3
	typee : INT .  (22)

	.  reduce 22


state 4
	typee : BOOL .  (23)

	.  reduce 23


state 5
	typee : FLOAT .  (24)

	.  reduce 24


state 6
	typee : LONG .  (25)

	.  reduce 25


state 7
	typee : CHAR .  (26)

	.  reduce 26


state 8
	typee : DOUBLE .  (27)

	.  reduce 27


state 9
	typee : STRING .  (29)

	.  reduce 29


state 10
	typee : VOID .  (30)

	.  reduce 30


state 11
	typee : AUTO .  (31)

	.  reduce 31


state 12
	struct_dec : RECORD . ID '{' var_dcls '}' sc  (32)

	ID  shift 25
	.  error


state 13
	var_dcl : CONST . typee var_dcl_cnts  (38)

	INT  shift 3
	BOOL  shift 4
	FLOAT  shift 5
	LONG  shift 6
	CHAR  shift 7
	DOUBLE  shift 8
	STRING  shift 9
	VOID  shift 10
	AUTO  shift 11
	ID  shift 14
	.  error

	typee  goto 26


state 14
	typee : ID .  (28)

	.  reduce 28


state 15
	$accept : program . $end  (0)

	$end  accept


state 16
	func_dcl : typee . ID $$1 '(' opt_arguments ')' func_end  (10)
	var_dcl : typee . var_dcl_cnts  (37)

	DEC  shift 27
	INC  shift 28
	ID  shift 29
	'~'  shift 30
	.  error

	variable  goto 31
	var_dcl_cnts  goto 32
	var_dcl_cnt  goto 33
	variable_  goto 34


state 17
	program : var_dcl . sc program  (2)

	';'  shift 35
	.  error

	sc  goto 36


state 18
	program : func_proc . program  (3)
	program : .  (1)

	EXTERN  shift 1
	PROCEDURE  shift 2
	INT  shift 3
	BOOL  shift 4
	FLOAT  shift 5
	LONG  shift 6
	CHAR  shift 7
	DOUBLE  shift 8
	STRING  shift 9
	VOID  shift 10
	AUTO  shift 11
	RECORD  shift 12
	CONST  shift 13
	ID  shift 14
	$end  reduce 1

	program  goto 37
	typee  goto 16
	var_dcl  goto 17
	func_proc  goto 18
	struct_dec  goto 19
	func_dcl  goto 20
	extern_dcl  goto 21
	proc_dcl  goto 22


state 19
	program : struct_dec . program  (4)
	program : .  (1)

	EXTERN  shift 1
	PROCEDURE  shift 2
	INT  shift 3
	BOOL  shift 4
	FLOAT  shift 5
	LONG  shift 6
	CHAR  shift 7
	DOUBLE  shift 8
	STRING  shift 9
	VOID  shift 10
	AUTO  shift 11
	RECORD  shift 12
	CONST  shift 13
	ID  shift 14
	$end  reduce 1

	program  goto 38
	typee  goto 16
	var_dcl  goto 17
	func_proc  goto 18
	struct_dec  goto 19
	func_dcl  goto 20
	extern_dcl  goto 21
	proc_dcl  goto 22


state 20
	func_proc : func_dcl .  (6)

	.  reduce 6


state 21
	func_proc : extern_dcl .  (7)

	.  reduce 7


state 22
	func_proc : proc_dcl .  (8)

	.  reduce 8


state 23
	extern_dcl : EXTERN typee . ID sc  (13)

	ID  shift 39
	.  error


state 24
	proc_dcl : PROCEDURE ID . '(' opt_arguments ')' sc  (20)
	proc_dcl : PROCEDURE ID . '(' opt_arguments ')' block  (21)

	'('  shift 40
	.  error


state 25
	struct_dec : RECORD ID . '{' var_dcls '}' sc  (32)

	'{'  shift 41
	.  error


state 26
	var_dcl : CONST typee . var_dcl_cnts  (38)

	DEC  shift 27
	INC  shift 28
	ID  shift 42
	'~'  shift 30
	.  error

	variable  goto 31
	var_dcl_cnts  goto 43
	var_dcl_cnt  goto 33
	variable_  goto 34


state 27
	variable_ : DEC . variable  (107)

	DEC  shift 27
	INC  shift 28
	ID  shift 42
	'~'  shift 30
	.  error

	variable  goto 44
	variable_  goto 34


state 28
	variable_ : INC . variable  (108)

	DEC  shift 27
	INC  shift 28
	ID  shift 42
	'~'  shift 30
	.  error

	variable  goto 45
	variable_  goto 34


state 29
	func_dcl : typee ID . $$1 '(' opt_arguments ')' func_end  (10)
	variable : ID . opt_full_brackets  (103)
	variable : ID . opt_full_brackets '.' variable  (104)
	$$1 : .  (9)
	opt_full_brackets : .  (43)

	DEC  reduce 43
	INC  reduce 43
	'='  reduce 43
	';'  reduce 43
	'('  reduce 9
	','  reduce 43
	'['  reduce 43
	'.'  reduce 43

	opt_full_brackets  goto 46
	$$1  goto 47


state 30
	variable_ : '~' . variable  (106)

	DEC  shift 27
	INC  shift 28
	ID  shift 42
	'~'  shift 30
	.  error

	variable  goto 48
	variable_  goto 34


state 31
	var_dcl_cnt : variable .  (41)
	var_dcl_cnt : variable . '=' expr  (42)
	variable_ : variable . DEC  (109)
	variable_ : variable . INC  (110)

	DEC  shift 49
	INC  shift 50
	'='  shift 51
	';'  reduce 41
	','  reduce 41


state 32
	var_dcl : typee var_dcl_cnts .  (37)
	var_dcl_cnts : var_dcl_cnts . ',' var_dcl_cnt  (40)

	','  shift 52
	';'  reduce 37


state 33
	var_dcl_cnts : var_dcl_cnt .  (39)

	.  reduce 39


state 34
	variable : variable_ .  (105)

	.  reduce 105


state 35
	sc : ';' .  (5)

	.  reduce 5


state 36
	program : var_dcl sc . program  (2)
	program : .  (1)

	EXTERN  shift 1
	PROCEDURE  shift 2
	INT  shift 3
	BOOL  shift 4
	FLOAT  shift 5
	LONG  shift 6
	CHAR  shift 7
	DOUBLE  shift 8
	STRING  shift 9
	VOID  shift 10
	AUTO  shift 11
	RECORD  shift 12
	CONST  shift 13
	ID  shift 14
	$end  reduce 1

	program  goto 53
	typee  goto 16
	var_dcl  goto 17
	func_proc  goto 18
	struct_dec  goto 19
	func_dcl  goto 20
	extern_dcl  goto 21
	proc_dcl  goto 22


state 37
	program : func_proc program .  (3)

	.  reduce 3


state 38
	program : struct_dec program .  (4)

	.  reduce 4


state 39
	extern_dcl : EXTERN typee ID . sc  (13)

	';'  shift 35
	.  error

	sc  goto 54


state 40
	proc_dcl : PROCEDURE ID '(' . opt_arguments ')' sc  (20)
	proc_dcl : PROCEDURE ID '(' . opt_arguments ')' block  (21)
	opt_arguments : .  (14)

	INT  shift 3
	BOOL  shift 4
	FLOAT  shift 5
	LONG  shift 6
	CHAR  shift 7
	DOUBLE  shift 8
	STRING  shift 9
	VOID  shift 10
	AUTO  shift 11
	ID  shift 14
	')'  reduce 14

	typee  goto 55
	opt_arguments  goto 56
	arguments  goto 57


state 41
	struct_dec : RECORD ID '{' . var_dcls '}' sc  (32)

	INT  shift 3
	BOOL  shift 4
	FLOAT  shift 5
	LONG  shift 6
	CHAR  shift 7
	DOUBLE  shift 8
	STRING  shift 9
	VOID  shift 10
	AUTO  shift 11
	CONST  shift 13
	ID  shift 14
	.  error

	typee  goto 58
	var_dcl  goto 59
	var_dcls  goto 60


state 42
	variable : ID . opt_full_brackets  (103)
	variable : ID . opt_full_brackets '.' variable  (104)
	opt_full_brackets : .  (43)

	.  reduce 43

	opt_full_brackets  goto 46


state 43
	var_dcl : CONST typee var_dcl_cnts .  (38)
	var_dcl_cnts : var_dcl_cnts . ',' var_dcl_cnt  (40)

	','  shift 52
	';'  reduce 38


state 44
	variable_ : DEC variable .  (107)
	variable_ : variable . DEC  (109)
	variable_ : variable . INC  (110)

	.  reduce 107


state 45
	variable_ : INC variable .  (108)
	variable_ : variable . DEC  (109)
	variable_ : variable . INC  (110)

	.  reduce 108


state 46
	opt_full_brackets : opt_full_brackets . '[' expr ']'  (44)
	variable : ID opt_full_brackets .  (103)
	variable : ID opt_full_brackets . '.' variable  (104)

	'['  shift 61
	'.'  shift 62
	EQ  reduce 103
	NE  reduce 103
	LE  reduce 103
	GE  reduce 103
	AND  reduce 103
	OR  reduce 103
	DEC  reduce 103
	INC  reduce 103
	'='  reduce 103
	'|'  reduce 103
	'^'  reduce 103
	'&'  reduce 103
	'<'  reduce 103
	'>'  reduce 103
	'+'  reduce 103
	'-'  reduce 103
	'*'  reduce 103
	'/'  reduce 103
	'%'  reduce 103
	';'  reduce 103
	')'  reduce 103
	','  reduce 103
	']'  reduce 103


state 47
	func_dcl : typee ID $$1 . '(' opt_arguments ')' func_end  (10)

	'('  shift 63
	.  error


state 48
	variable_ : '~' variable .  (106)
	variable_ : variable . DEC  (109)
	variable_ : variable . INC  (110)

	.  reduce 106


state 49
	variable_ : variable DEC .  (109)

	.  reduce 109


state 50
	variable_ : variable INC .  (110)

	.  reduce 110


state 51
	var_dcl_cnt : variable '=' . expr  (42)

	SIZEOF  shift 64
	DEC  shift 27
	INC  shift 28
	IC  shift 65
	RC  shift 66
	ID  shift 67
	CC  shift 68
	SC  shift 69
	BC  shift 70
	'+'  shift 71
	'-'  shift 72
	'!'  shift 73
	'~'  shift 30
	'('  shift 74
	.  error

	expr  goto 75
	variable  goto 76
	const_val  goto 77
	variable_  goto 34
	method_call  goto 78


state 52
	var_dcl_cnts : var_dcl_cnts ',' . var_dcl_cnt  (40)

	DEC  shift 27
	INC  shift 28
	ID  shift 42
	'~'  shift 30
	.  error

	variable  goto 31
	var_dcl_cnt  goto 79
	variable_  goto 34


state 53
	program : var_dcl sc program .  (2)

	.  reduce 2


state 54
	extern_dcl : EXTERN typee ID sc .  (13)

	.  reduce 13


state 55
	arguments : typee . ID opt_full_brackets  (16)

	ID  shift 80
	.  error


state 56
	proc_dcl : PROCEDURE ID '(' opt_arguments . ')' sc  (20)
	proc_dcl : PROCEDURE ID '(' opt_arguments . ')' block  (21)

	')'  shift 81
	.  error


state 57
	opt_arguments : arguments .  (15)
	arguments : arguments . ',' typee ID opt_full_brackets  (17)

	','  shift 82
	')'  reduce 15


state 58
	var_dcl : typee . var_dcl_cnts  (37)

	DEC  shift 27
	INC  shift 28
	ID  shift 42
	'~'  shift 30
	.  error

	variable  goto 31
	var_dcl_cnts  goto 32
	var_dcl_cnt  goto 33
	variable_  goto 34


state 59
	var_dcls : var_dcl . sc  (33)

	';'  shift 35
	.  error

	sc  goto 83


state 60
	struct_dec : RECORD ID '{' var_dcls . '}' sc  (32)
	var_dcls : var_dcls . var_dcl sc  (34)

	INT  shift 3
	BOOL  shift 4
	FLOAT  shift 5
	LONG  shift 6
	CHAR  shift 7
	DOUBLE  shift 8
	STRING  shift 9
	VOID  shift 10
	AUTO  shift 11
	CONST  shift 13
	ID  shift 14
	'}'  shift 84
	.  error

	typee  goto 58
	var_dcl  goto 85


state 61
	opt_full_brackets : opt_full_brackets '[' . expr ']'  (44)

	SIZEOF  shift 64
	DEC  shift 27
	INC  shift 28
	IC  shift 65
	RC  shift 66
	ID  shift 67
	CC  shift 68
	SC  shift 69
	BC  shift 70
	'+'  shift 71
	'-'  shift 72
	'!'  shift 73
	'~'  shift 30
	'('  shift 74
	.  error

	expr  goto 86
	variable  goto 76
	const_val  goto 77
	variable_  goto 34
	method_call  goto 78


state 62
	variable : ID opt_full_brackets '.' . variable  (104)

	DEC  shift 27
	INC  shift 28
	ID  shift 42
	'~'  shift 30
	.  error

	variable  goto 87
	variable_  goto 34


state 63
	func_dcl : typee ID $$1 '(' . opt_arguments ')' func_end  (10)
	opt_arguments : .  (14)

	INT  shift 3
	BOOL  shift 4
	FLOAT  shift 5
	LONG  shift 6
	CHAR  shift 7
	DOUBLE  shift 8
	STRING  shift 9
	VOID  shift 10
	AUTO  shift 11
	ID  shift 14
	')'  reduce 14

	typee  goto 55
	opt_arguments  goto 88
	arguments  goto 57


state 64
	expr : SIZEOF . '(' typee ')'  (102)

	'('  shift 89
	.  error


state 65
	const_val : IC .  (111)

	.  reduce 111


state 66
	const_val : RC .  (112)

	.  reduce 112


state 67
	method_call : ID . '(' opt_parameters ')'  (63)
	variable : ID . opt_full_brackets  (103)
	variable : ID . opt_full_brackets '.' variable  (104)
	opt_full_brackets : .  (43)

	'('  shift 90
	EQ  reduce 43
	NE  reduce 43
	LE  reduce 43
	GE  reduce 43
	AND  reduce 43
	OR  reduce 43
	DEC  reduce 43
	INC  reduce 43
	'='  reduce 43
	'|'  reduce 43
	'^'  reduce 43
	'&'  reduce 43
	'<'  reduce 43
	'>'  reduce 43
	'+'  reduce 43
	'-'  reduce 43
	'*'  reduce 43
	'/'  reduce 43
	'%'  reduce 43
	';'  reduce 43
	')'  reduce 43
	','  reduce 43
	'['  reduce 43
	']'  reduce 43
	'.'  reduce 43

	opt_full_brackets  goto 46


state 68
	const_val : CC .  (113)

	.  reduce 113


state 69
	const_val : SC .  (115)

	.  reduce 115


state 70
	const_val : BC .  (114)

	.  reduce 114


state 71
	expr : '+' . expr  (100)

	SIZEOF  shift 64
	DEC  shift 27
	INC  shift 28
	IC  shift 65
	RC  shift 66
	ID  shift 67
	CC  shift 68
	SC  shift 69
	BC  shift 70
	'+'  shift 71
	'-'  shift 72
	'!'  shift 73
	'~'  shift 30
	'('  shift 74
	.  error

	expr  goto 91
	variable  goto 76
	const_val  goto 77
	variable_  goto 34
	method_call  goto 78


state 72
	expr : '-' . expr  (99)

	SIZEOF  shift 64
	DEC  shift 27
	INC  shift 28
	IC  shift 65
	RC  shift 66
	ID  shift 67
	CC  shift 68
	SC  shift 69
	BC  shift 70
	'+'  shift 71
	'-'  shift 72
	'!'  shift 73
	'~'  shift 30
	'('  shift 74
	.  error

	expr  goto 92
	variable  goto 76
	const_val  goto 77
	variable_  goto 34
	method_call  goto 78


state 73
	expr : '!' . expr  (101)

	SIZEOF  shift 64
	DEC  shift 27
	INC  shift 28
	IC  shift 65
	RC  shift 66
	ID  shift 67
	CC  shift 68
	SC  shift 69
	BC  shift 70
	'+'  shift 71
	'-'  shift 72
	'!'  shift 73
	'~'  shift 30
	'('  shift 74
	.  error

	expr  goto 93
	variable  goto 76
	const_val  goto 77
	variable_  goto 34
	method_call  goto 78


state 74
	expr : '(' . expr ')'  (95)

	SIZEOF  shift 64
	DEC  shift 27
	INC  shift 28
	IC  shift 65
	RC  shift 66
	ID  shift 67
	CC  shift 68
	SC  shift 69
	BC  shift 70
	'+'  shift 71
	'-'  shift 72
	'!'  shift 73
	'~'  shift 30
	'('  shift 74
	.  error

	expr  goto 94
	variable  goto 76
	const_val  goto 77
	variable_  goto 34
	method_call  goto 78


state 75
	var_dcl_cnt : variable '=' expr .  (42)
	expr : expr . '+' expr  (79)
	expr : expr . '-' expr  (80)
	expr : expr . '*' expr  (81)
	expr : expr . '/' expr  (82)
	expr : expr . '%' expr  (83)
	expr : expr . '|' expr  (84)
	expr : expr . '&' expr  (85)
	expr : expr . '^' expr  (86)
	expr : expr . '>' expr  (87)
	expr : expr . '<' expr  (88)
	expr : expr . AND expr  (89)
	expr : expr . OR expr  (90)
	expr : expr . EQ expr  (91)
	expr : expr . NE expr  (92)
	expr : expr . GE expr  (93)
	expr : expr . LE expr  (94)

	EQ  shift 95
	NE  shift 96
	LE  shift 97
	GE  shift 98
	AND  shift 99
	OR  shift 100
	'|'  shift 101
	'^'  shift 102
	'&'  shift 103
	'<'  shift 104
	'>'  shift 105
	'+'  shift 106
	'-'  shift 107
	'*'  shift 108
	'/'  shift 109
	'%'  shift 110
	';'  reduce 42
	','  reduce 42


state 76
	expr : variable .  (97)
	variable_ : variable . DEC  (109)
	variable_ : variable . INC  (110)

	DEC  shift 49
	INC  shift 50
	EQ  reduce 97
	NE  reduce 97
	LE  reduce 97
	GE  reduce 97
	AND  reduce 97
	OR  reduce 97
	'|'  reduce 97
	'^'  reduce 97
	'&'  reduce 97
	'<'  reduce 97
	'>'  reduce 97
	'+'  reduce 97
	'-'  reduce 97
	'*'  reduce 97
	'/'  reduce 97
	'%'  reduce 97
	';'  reduce 97
	')'  reduce 97
	','  reduce 97
	']'  reduce 97


state 77
	expr : const_val .  (98)

	.  reduce 98


state 78
	expr : method_call .  (96)

	.  reduce 96


state 79
	var_dcl_cnts : var_dcl_cnts ',' var_dcl_cnt .  (40)

	.  reduce 40


state 80
	arguments : typee ID . opt_full_brackets  (16)
	opt_full_brackets : .  (43)

	.  reduce 43

	opt_full_brackets  goto 111


state 81
	proc_dcl : PROCEDURE ID '(' opt_arguments ')' . sc  (20)
	proc_dcl : PROCEDURE ID '(' opt_arguments ')' . block  (21)

	';'  shift 35
	'{'  shift 112
	.  error

	sc  goto 113
	block  goto 114


state 82
	arguments : arguments ',' . typee ID opt_full_brackets  (17)

	INT  shift 3
	BOOL  shift 4
	FLOAT  shift 5
	LONG  shift 6
	CHAR  shift 7
	DOUBLE  shift 8
	STRING  shift 9
	VOID  shift 10
	AUTO  shift 11
	ID  shift 14
	.  error

	typee  goto 115


state 83
	var_dcls : var_dcl sc .  (33)

	.  reduce 33


state 84
	struct_dec : RECORD ID '{' var_dcls '}' . sc  (32)

	';'  shift 35
	.  error

	sc  goto 116


state 85
	var_dcls : var_dcls var_dcl . sc  (34)

	';'  shift 35
	.  error

	sc  goto 117


state 86
	opt_full_brackets : opt_full_brackets '[' expr . ']'  (44)
	expr : expr . '+' expr  (79)
	expr : expr . '-' expr  (80)
	expr : expr . '*' expr  (81)
	expr : expr . '/' expr  (82)
	expr : expr . '%' expr  (83)
	expr : expr . '|' expr  (84)
	expr : expr . '&' expr  (85)
	expr : expr . '^' expr  (86)
	expr : expr . '>' expr  (87)
	expr : expr . '<' expr  (88)
	expr : expr . AND expr  (89)
	expr : expr . OR expr  (90)
	expr : expr . EQ expr  (91)
	expr : expr . NE expr  (92)
	expr : expr . GE expr  (93)
	expr : expr . LE expr  (94)

	EQ  shift 95
	NE  shift 96
	LE  shift 97
	GE  shift 98
	AND  shift 99
	OR  shift 100
	'|'  shift 101
	'^'  shift 102
	'&'  shift 103
	'<'  shift 104
	'>'  shift 105
	'+'  shift 106
	'-'  shift 107
	'*'  shift 108
	'/'  shift 109
	'%'  shift 110
	']'  shift 118
	.  error


state 87
	variable : ID opt_full_brackets '.' variable .  (104)
	variable_ : variable . DEC  (109)
	variable_ : variable . INC  (110)

	.  reduce 104


state 88
	func_dcl : typee ID $$1 '(' opt_arguments . ')' func_end  (10)

	')'  shift 119
	.  error


state 89
	expr : SIZEOF '(' . typee ')'  (102)

	INT  shift 3
	BOOL  shift 4
	FLOAT  shift 5
	LONG  shift 6
	CHAR  shift 7
	DOUBLE  shift 8
	STRING  shift 9
	VOID  shift 10
	AUTO  shift 11
	ID  shift 14
	.  error

	typee  goto 120


state 90
	method_call : ID '(' . opt_parameters ')'  (63)
	opt_parameters : .  (64)

	SIZEOF  shift 64
	DEC  shift 27
	INC  shift 28
	IC  shift 65
	RC  shift 66
	ID  shift 67
	CC  shift 68
	SC  shift 69
	BC  shift 70
	'+'  shift 71
	'-'  shift 72
	'!'  shift 73
	'~'  shift 30
	'('  shift 74
	')'  reduce 64

	expr  goto 121
	variable  goto 76
	const_val  goto 77
	variable_  goto 34
	method_call  goto 78
	opt_parameters  goto 122
	parameters  goto 123


state 91
	expr : expr . '+' expr  (79)
	expr : expr . '-' expr  (80)
	expr : expr . '*' expr  (81)
	expr : expr . '/' expr  (82)
	expr : expr . '%' expr  (83)
	expr : expr . '|' expr  (84)
	expr : expr . '&' expr  (85)
	expr : expr . '^' expr  (86)
	expr : expr . '>' expr  (87)
	expr : expr . '<' expr  (88)
	expr : expr . AND expr  (89)
	expr : expr . OR expr  (90)
	expr : expr . EQ expr  (91)
	expr : expr . NE expr  (92)
	expr : expr . GE expr  (93)
	expr : expr . LE expr  (94)
	expr : '+' expr .  (100)

	.  reduce 100


state 92
	expr : expr . '+' expr  (79)
	expr : expr . '-' expr  (80)
	expr : expr . '*' expr  (81)
	expr : expr . '/' expr  (82)
	expr : expr . '%' expr  (83)
	expr : expr . '|' expr  (84)
	expr : expr . '&' expr  (85)
	expr : expr . '^' expr  (86)
	expr : expr . '>' expr  (87)
	expr : expr . '<' expr  (88)
	expr : expr . AND expr  (89)
	expr : expr . OR expr  (90)
	expr : expr . EQ expr  (91)
	expr : expr . NE expr  (92)
	expr : expr . GE expr  (93)
	expr : expr . LE expr  (94)
	expr : '-' expr .  (99)

	.  reduce 99


state 93
	expr : expr . '+' expr  (79)
	expr : expr . '-' expr  (80)
	expr : expr . '*' expr  (81)
	expr : expr . '/' expr  (82)
	expr : expr . '%' expr  (83)
	expr : expr . '|' expr  (84)
	expr : expr . '&' expr  (85)
	expr : expr . '^' expr  (86)
	expr : expr . '>' expr  (87)
	expr : expr . '<' expr  (88)
	expr : expr . AND expr  (89)
	expr : expr . OR expr  (90)
	expr : expr . EQ expr  (91)
	expr : expr . NE expr  (92)
	expr : expr . GE expr  (93)
	expr : expr . LE expr  (94)
	expr : '!' expr .  (101)

	.  reduce 101


state 94
	expr : expr . '+' expr  (79)
	expr : expr . '-' expr  (80)
	expr : expr . '*' expr  (81)
	expr : expr . '/' expr  (82)
	expr : expr . '%' expr  (83)
	expr : expr . '|' expr  (84)
	expr : expr . '&' expr  (85)
	expr : expr . '^' expr  (86)
	expr : expr . '>' expr  (87)
	expr : expr . '<' expr  (88)
	expr : expr . AND expr  (89)
	expr : expr . OR expr  (90)
	expr : expr . EQ expr  (91)
	expr : expr . NE expr  (92)
	expr : expr . GE expr  (93)
	expr : expr . LE expr  (94)
	expr : '(' expr . ')'  (95)

	EQ  shift 95
	NE  shift 96
	LE  shift 97
	GE  shift 98
	AND  shift 99
	OR  shift 100
	'|'  shift 101
	'^'  shift 102
	'&'  shift 103
	'<'  shift 104
	'>'  shift 105
	'+'  shift 106
	'-'  shift 107
	'*'  shift 108
	'/'  shift 109
	'%'  shift 110
	')'  shift 124
	.  error


state 95
	expr : expr EQ . expr  (91)

	SIZEOF  shift 64
	DEC  shift 27
	INC  shift 28
	IC  shift 65
	RC  shift 66
	ID  shift 67
	CC  shift 68
	SC  shift 69
	BC  shift 70
	'+'  shift 71
	'-'  shift 72
	'!'  shift 73
	'~'  shift 30
	'('  shift 74
	.  error

	expr  goto 125
	variable  goto 76
	const_val  goto 77
	variable_  goto 34
	method_call  goto 78


state 96
	expr : expr NE . expr  (92)

	SIZEOF  shift 64
	DEC  shift 27
	INC  shift 28
	IC  shift 65
	RC  shift 66
	ID  shift 67
	CC  shift 68
	SC  shift 69
	BC  shift 70
	'+'  shift 71
	'-'  shift 72
	'!'  shift 73
	'~'  shift 30
	'('  shift 74
	.  error

	expr  goto 126
	variable  goto 76
	const_val  goto 77
	variable_  goto 34
	method_call  goto 78


state 97
	expr : expr LE . expr  (94)

	SIZEOF  shift 64
	DEC  shift 27
	INC  shift 28
	IC  shift 65
	RC  shift 66
	ID  shift 67
	CC  shift 68
	SC  shift 69
	BC  shift 70
	'+'  shift 71
	'-'  shift 72
	'!'  shift 73
	'~'  shift 30
	'('  shift 74
	.  error

	expr  goto 127
	variable  goto 76
	const_val  goto 77
	variable_  goto 34
	method_call  goto 78


state 98
	expr : expr GE . expr  (93)

	SIZEOF  shift 64
	DEC  shift 27
	INC  shift 28
	IC  shift 65
	RC  shift 66
	ID  shift 67
	CC  shift 68
	SC  shift 69
	BC  shift 70
	'+'  shift 71
	'-'  shift 72
	'!'  shift 73
	'~'  shift 30
	'('  shift 74
	.  error

	expr  goto 128
	variable  goto 76
	const_val  goto 77
	variable_  goto 34
	method_call  goto 78


state 99
	expr : expr AND . expr  (89)

	SIZEOF  shift 64
	DEC  shift 27
	INC  shift 28
	IC  shift 65
	RC  shift 66
	ID  shift 67
	CC  shift 68
	SC  shift 69
	BC  shift 70
	'+'  shift 71
	'-'  shift 72
	'!'  shift 73
	'~'  shift 30
	'('  shift 74
	.  error

	expr  goto 129
	variable  goto 76
	const_val  goto 77
	variable_  goto 34
	method_call  goto 78


state 100
	expr : expr OR . expr  (90)

	SIZEOF  shift 64
	DEC  shift 27
	INC  shift 28
	IC  shift 65
	RC  shift 66
	ID  shift 67
	CC  shift 68
	SC  shift 69
	BC  shift 70
	'+'  shift 71
	'-'  shift 72
	'!'  shift 73
	'~'  shift 30
	'('  shift 74
	.  error

	expr  goto 130
	variable  goto 76
	const_val  goto 77
	variable_  goto 34
	method_call  goto 78


state 101
	expr : expr '|' . expr  (84)

	SIZEOF  shift 64
	DEC  shift 27
	INC  shift 28
	IC  shift 65
	RC  shift 66
	ID  shift 67
	CC  shift 68
	SC  shift 69
	BC  shift 70
	'+'  shift 71
	'-'  shift 72
	'!'  shift 73
	'~'  shift 30
	'('  shift 74
	.  error

	expr  goto 131
	variable  goto 76
	const_val  goto 77
	variable_  goto 34
	method_call  goto 78


state 102
	expr : expr '^' . expr  (86)

	SIZEOF  shift 64
	DEC  shift 27
	INC  shift 28
	IC  shift 65
	RC  shift 66
	ID  shift 67
	CC  shift 68
	SC  shift 69
	BC  shift 70
	'+'  shift 71
	'-'  shift 72
	'!'  shift 73
	'~'  shift 30
	'('  shift 74
	.  error

	expr  goto 132
	variable  goto 76
	const_val  goto 77
	variable_  goto 34
	method_call  goto 78


state 103
	expr : expr '&' . expr  (85)

	SIZEOF  shift 64
	DEC  shift 27
	INC  shift 28
	IC  shift 65
	RC  shift 66
	ID  shift 67
	CC  shift 68
	SC  shift 69
	BC  shift 70
	'+'  shift 71
	'-'  shift 72
	'!'  shift 73
	'~'  shift 30
	'('  shift 74
	.  error

	expr  goto 133
	variable  goto 76
	const_val  goto 77
	variable_  goto 34
	method_call  goto 78


state 104
	expr : expr '<' . expr  (88)

	SIZEOF  shift 64
	DEC  shift 27
	INC  shift 28
	IC  shift 65
	RC  shift 66
	ID  shift 67
	CC  shift 68
	SC  shift 69
	BC  shift 70
	'+'  shift 71
	'-'  shift 72
	'!'  shift 73
	'~'  shift 30
	'('  shift 74
	.  error

	expr  goto 134
	variable  goto 76
	const_val  goto 77
	variable_  goto 34
	method_call  goto 78


state 105
	expr : expr '>' . expr  (87)

	SIZEOF  shift 64
	DEC  shift 27
	INC  shift 28
	IC  shift 65
	RC  shift 66
	ID  shift 67
	CC  shift 68
	SC  shift 69
	BC  shift 70
	'+'  shift 71
	'-'  shift 72
	'!'  shift 73
	'~'  shift 30
	'('  shift 74
	.  error

	expr  goto 135
	variable  goto 76
	const_val  goto 77
	variable_  goto 34
	method_call  goto 78


state 106
	expr : expr '+' . expr  (79)

	SIZEOF  shift 64
	DEC  shift 27
	INC  shift 28
	IC  shift 65
	RC  shift 66
	ID  shift 67
	CC  shift 68
	SC  shift 69
	BC  shift 70
	'+'  shift 71
	'-'  shift 72
	'!'  shift 73
	'~'  shift 30
	'('  shift 74
	.  error

	expr  goto 136
	variable  goto 76
	const_val  goto 77
	variable_  goto 34
	method_call  goto 78


state 107
	expr : expr '-' . expr  (80)

	SIZEOF  shift 64
	DEC  shift 27
	INC  shift 28
	IC  shift 65
	RC  shift 66
	ID  shift 67
	CC  shift 68
	SC  shift 69
	BC  shift 70
	'+'  shift 71
	'-'  shift 72
	'!'  shift 73
	'~'  shift 30
	'('  shift 74
	.  error

	expr  goto 137
	variable  goto 76
	const_val  goto 77
	variable_  goto 34
	method_call  goto 78


state 108
	expr : expr '*' . expr  (81)

	SIZEOF  shift 64
	DEC  shift 27
	INC  shift 28
	IC  shift 65
	RC  shift 66
	ID  shift 67
	CC  shift 68
	SC  shift 69
	BC  shift 70
	'+'  shift 71
	'-'  shift 72
	'!'  shift 73
	'~'  shift 30
	'('  shift 74
	.  error

	expr  goto 138
	variable  goto 76
	const_val  goto 77
	variable_  goto 34
	method_call  goto 78


state 109
	expr : expr '/' . expr  (82)

	SIZEOF  shift 64
	DEC  shift 27
	INC  shift 28
	IC  shift 65
	RC  shift 66
	ID  shift 67
	CC  shift 68
	SC  shift 69
	BC  shift 70
	'+'  shift 71
	'-'  shift 72
	'!'  shift 73
	'~'  shift 30
	'('  shift 74
	.  error

	expr  goto 139
	variable  goto 76
	const_val  goto 77
	variable_  goto 34
	method_call  goto 78


state 110
	expr : expr '%' . expr  (83)

	SIZEOF  shift 64
	DEC  shift 27
	INC  shift 28
	IC  shift 65
	RC  shift 66
	ID  shift 67
	CC  shift 68
	SC  shift 69
	BC  shift 70
	'+'  shift 71
	'-'  shift 72
	'!'  shift 73
	'~'  shift 30
	'('  shift 74
	.  error

	expr  goto 140
	variable  goto 76
	const_val  goto 77
	variable_  goto 34
	method_call  goto 78


state 111
	arguments : typee ID opt_full_brackets .  (16)
	opt_full_brackets : opt_full_brackets . '[' expr ']'  (44)

	'['  shift 61
	')'  reduce 16
	','  reduce 16


state 112
	block : '{' . block_content '}'  (45)
	block_content : .  (46)

	INT  shift 3
	BOOL  shift 4
	FLOAT  shift 5
	LONG  shift 6
	CHAR  shift 7
	DOUBLE  shift 8
	STRING  shift 9
	VOID  shift 10
	AUTO  shift 11
	CONST  shift 13
	RETURN  shift 141
	BREAK  shift 142
	CONTINUE  shift 143
	SIZEOF  shift 144
	IF  shift 145
	SWITCH  shift 146
	FOR  shift 147
	FOREACH  shift 148
	REPEAT  shift 149
	GOTO  shift 150
	DEC  shift 27
	INC  shift 28
	ID  shift 151
	'~'  shift 30
	'{'  shift 112
	'}'  reduce 46

	typee  goto 58
	variable  goto 152
	var_dcl  goto 153
	block  goto 154
	block_content  goto 155
	statement  goto 156
	assignment  goto 157
	variable_  goto 158
	method_call  goto 159
	cond_stmt  goto 160
	loop_stmt  goto 161
	goto  goto 162
	label  goto 163


state 113
	proc_dcl : PROCEDURE ID '(' opt_arguments ')' sc .  (20)

	.  reduce 20


state 114
	proc_dcl : PROCEDURE ID '(' opt_arguments ')' block .  (21)

	.  reduce 21


state 115
	arguments : arguments ',' typee . ID opt_full_brackets  (17)

	ID  shift 164
	.  error


state 116
	struct_dec : RECORD ID '{' var_dcls '}' sc .  (32)

	.  reduce 32


state 117
	var_dcls : var_dcls var_dcl sc .  (34)

	.  reduce 34


state 118
	opt_full_brackets : opt_full_brackets '[' expr ']' .  (44)

	.  reduce 44


state 119
	func_dcl : typee ID $$1 '(' opt_arguments ')' . func_end  (10)

	';'  shift 35
	'{'  shift 112
	.  error

	sc  goto 165
	func_end  goto 166
	block  goto 167


state 120
	expr : SIZEOF '(' typee . ')'  (102)

	')'  shift 168
	.  error


state 121
	parameters : expr .  (66)
	expr : expr . '+' expr  (79)
	expr : expr . '-' expr  (80)
	expr : expr . '*' expr  (81)
	expr : expr . '/' expr  (82)
	expr : expr . '%' expr  (83)
	expr : expr . '|' expr  (84)
	expr : expr . '&' expr  (85)
	expr : expr . '^' expr  (86)
	expr : expr . '>' expr  (87)
	expr : expr . '<' expr  (88)
	expr : expr . AND expr  (89)
	expr : expr . OR expr  (90)
	expr : expr . EQ expr  (91)
	expr : expr . NE expr  (92)
	expr : expr . GE expr  (93)
	expr : expr . LE expr  (94)

	EQ  shift 95
	NE  shift 96
	LE  shift 97
	GE  shift 98
	AND  shift 99
	OR  shift 100
	'|'  shift 101
	'^'  shift 102
	'&'  shift 103
	'<'  shift 104
	'>'  shift 105
	'+'  shift 106
	'-'  shift 107
	'*'  shift 108
	'/'  shift 109
	'%'  shift 110
	')'  reduce 66
	','  reduce 66


state 122
	method_call : ID '(' opt_parameters . ')'  (63)

	')'  shift 169
	.  error


state 123
	opt_parameters : parameters .  (65)
	parameters : parameters . ',' expr  (67)

	','  shift 170
	')'  reduce 65


state 124
	expr : '(' expr ')' .  (95)

	.  reduce 95


state 125
	expr : expr . '+' expr  (79)
	expr : expr . '-' expr  (80)
	expr : expr . '*' expr  (81)
	expr : expr . '/' expr  (82)
	expr : expr . '%' expr  (83)
	expr : expr . '|' expr  (84)
	expr : expr . '&' expr  (85)
	expr : expr . '^' expr  (86)
	expr : expr . '>' expr  (87)
	expr : expr . '<' expr  (88)
	expr : expr . AND expr  (89)
	expr : expr . OR expr  (90)
	expr : expr . EQ expr  (91)
	expr : expr EQ expr .  (91)
	expr : expr . NE expr  (92)
	expr : expr . GE expr  (93)
	expr : expr . LE expr  (94)

	LE  shift 97
	GE  shift 98
	'<'  shift 104
	'>'  shift 105
	'+'  shift 106
	'-'  shift 107
	'*'  shift 108
	'/'  shift 109
	'%'  shift 110
	EQ  reduce 91
	NE  reduce 91
	AND  reduce 91
	OR  reduce 91
	'|'  reduce 91
	'^'  reduce 91
	'&'  reduce 91
	';'  reduce 91
	')'  reduce 91
	','  reduce 91
	']'  reduce 91


state 126
	expr : expr . '+' expr  (79)
	expr : expr . '-' expr  (80)
	expr : expr . '*' expr  (81)
	expr : expr . '/' expr  (82)
	expr : expr . '%' expr  (83)
	expr : expr . '|' expr  (84)
	expr : expr . '&' expr  (85)
	expr : expr . '^' expr  (86)
	expr : expr . '>' expr  (87)
	expr : expr . '<' expr  (88)
	expr : expr . AND expr  (89)
	expr : expr . OR expr  (90)
	expr : expr . EQ expr  (91)
	expr : expr . NE expr  (92)
	expr : expr NE expr .  (92)
	expr : expr . GE expr  (93)
	expr : expr . LE expr  (94)

	LE  shift 97
	GE  shift 98
	'<'  shift 104
	'>'  shift 105
	'+'  shift 106
	'-'  shift 107
	'*'  shift 108
	'/'  shift 109
	'%'  shift 110
	EQ  reduce 92
	NE  reduce 92
	AND  reduce 92
	OR  reduce 92
	'|'  reduce 92
	'^'  reduce 92
	'&'  reduce 92
	';'  reduce 92
	')'  reduce 92
	','  reduce 92
	']'  reduce 92


state 127
	expr : expr . '+' expr  (79)
	expr : expr . '-' expr  (80)
	expr : expr . '*' expr  (81)
	expr : expr . '/' expr  (82)
	expr : expr . '%' expr  (83)
	expr : expr . '|' expr  (84)
	expr : expr . '&' expr  (85)
	expr : expr . '^' expr  (86)
	expr : expr . '>' expr  (87)
	expr : expr . '<' expr  (88)
	expr : expr . AND expr  (89)
	expr : expr . OR expr  (90)
	expr : expr . EQ expr  (91)
	expr : expr . NE expr  (92)
	expr : expr . GE expr  (93)
	expr : expr . LE expr  (94)
	expr : expr LE expr .  (94)

	'+'  shift 106
	'-'  shift 107
	'*'  shift 108
	'/'  shift 109
	'%'  shift 110
	EQ  reduce 94
	NE  reduce 94
	LE  reduce 94
	GE  reduce 94
	AND  reduce 94
	OR  reduce 94
	'|'  reduce 94
	'^'  reduce 94
	'&'  reduce 94
	'<'  reduce 94
	'>'  reduce 94
	';'  reduce 94
	')'  reduce 94
	','  reduce 94
	']'  reduce 94


state 128
	expr : expr . '+' expr  (79)
	expr : expr . '-' expr  (80)
	expr : expr . '*' expr  (81)
	expr : expr . '/' expr  (82)
	expr : expr . '%' expr  (83)
	expr : expr . '|' expr  (84)
	expr : expr . '&' expr  (85)
	expr : expr . '^' expr  (86)
	expr : expr . '>' expr  (87)
	expr : expr . '<' expr  (88)
	expr : expr . AND expr  (89)
	expr : expr . OR expr  (90)
	expr : expr . EQ expr  (91)
	expr : expr . NE expr  (92)
	expr : expr . GE expr  (93)
	expr : expr GE expr .  (93)
	expr : expr . LE expr  (94)

	'+'  shift 106
	'-'  shift 107
	'*'  shift 108
	'/'  shift 109
	'%'  shift 110
	EQ  reduce 93
	NE  reduce 93
	LE  reduce 93
	GE  reduce 93
	AND  reduce 93
	OR  reduce 93
	'|'  reduce 93
	'^'  reduce 93
	'&'  reduce 93
	'<'  reduce 93
	'>'  reduce 93
	';'  reduce 93
	')'  reduce 93
	','  reduce 93
	']'  reduce 93


state 129
	expr : expr . '+' expr  (79)
	expr : expr . '-' expr  (80)
	expr : expr . '*' expr  (81)
	expr : expr . '/' expr  (82)
	expr : expr . '%' expr  (83)
	expr : expr . '|' expr  (84)
	expr : expr . '&' expr  (85)
	expr : expr . '^' expr  (86)
	expr : expr . '>' expr  (87)
	expr : expr . '<' expr  (88)
	expr : expr . AND expr  (89)
	expr : expr AND expr .  (89)
	expr : expr . OR expr  (90)
	expr : expr . EQ expr  (91)
	expr : expr . NE expr  (92)
	expr : expr . GE expr  (93)
	expr : expr . LE expr  (94)

	EQ  shift 95
	NE  shift 96
	LE  shift 97
	GE  shift 98
	'|'  shift 101
	'^'  shift 102
	'&'  shift 103
	'<'  shift 104
	'>'  shift 105
	'+'  shift 106
	'-'  shift 107
	'*'  shift 108
	'/'  shift 109
	'%'  shift 110
	AND  reduce 89
	OR  reduce 89
	';'  reduce 89
	')'  reduce 89
	','  reduce 89
	']'  reduce 89


state 130
	expr : expr . '+' expr  (79)
	expr : expr . '-' expr  (80)
	expr : expr . '*' expr  (81)
	expr : expr . '/' expr  (82)
	expr : expr . '%' expr  (83)
	expr : expr . '|' expr  (84)
	expr : expr . '&' expr  (85)
	expr : expr . '^' expr  (86)
	expr : expr . '>' expr  (87)
	expr : expr . '<' expr  (88)
	expr : expr . AND expr  (89)
	expr : expr . OR expr  (90)
	expr : expr OR expr .  (90)
	expr : expr . EQ expr  (91)
	expr : expr . NE expr  (92)
	expr : expr . GE expr  (93)
	expr : expr . LE expr  (94)

	EQ  shift 95
	NE  shift 96
	LE  shift 97
	GE  shift 98
	AND  shift 99
	'|'  shift 101
	'^'  shift 102
	'&'  shift 103
	'<'  shift 104
	'>'  shift 105
	'+'  shift 106
	'-'  shift 107
	'*'  shift 108
	'/'  shift 109
	'%'  shift 110
	OR  reduce 90
	';'  reduce 90
	')'  reduce 90
	','  reduce 90
	']'  reduce 90


state 131
	expr : expr . '+' expr  (79)
	expr : expr . '-' expr  (80)
	expr : expr . '*' expr  (81)
	expr : expr . '/' expr  (82)
	expr : expr . '%' expr  (83)
	expr : expr . '|' expr  (84)
	expr : expr '|' expr .  (84)
	expr : expr . '&' expr  (85)
	expr : expr . '^' expr  (86)
	expr : expr . '>' expr  (87)
	expr : expr . '<' expr  (88)
	expr : expr . AND expr  (89)
	expr : expr . OR expr  (90)
	expr : expr . EQ expr  (91)
	expr : expr . NE expr  (92)
	expr : expr . GE expr  (93)
	expr : expr . LE expr  (94)

	EQ  shift 95
	NE  shift 96
	LE  shift 97
	GE  shift 98
	'^'  shift 102
	'&'  shift 103
	'<'  shift 104
	'>'  shift 105
	'+'  shift 106
	'-'  shift 107
	'*'  shift 108
	'/'  shift 109
	'%'  shift 110
	AND  reduce 84
	OR  reduce 84
	'|'  reduce 84
	';'  reduce 84
	')'  reduce 84
	','  reduce 84
	']'  reduce 84


state 132
	expr : expr . '+' expr  (79)
	expr : expr . '-' expr  (80)
	expr : expr . '*' expr  (81)
	expr : expr . '/' expr  (82)
	expr : expr . '%' expr  (83)
	expr : expr . '|' expr  (84)
	expr : expr . '&' expr  (85)
	expr : expr . '^' expr  (86)
	expr : expr '^' expr .  (86)
	expr : expr . '>' expr  (87)
	expr : expr . '<' expr  (88)
	expr : expr . AND expr  (89)
	expr : expr . OR expr  (90)
	expr : expr . EQ expr  (91)
	expr : expr . NE expr  (92)
	expr : expr . GE expr  (93)
	expr : expr . LE expr  (94)

	EQ  shift 95
	NE  shift 96
	LE  shift 97
	GE  shift 98
	'&'  shift 103
	'<'  shift 104
	'>'  shift 105
	'+'  shift 106
	'-'  shift 107
	'*'  shift 108
	'/'  shift 109
	'%'  shift 110
	AND  reduce 86
	OR  reduce 86
	'|'  reduce 86
	'^'  reduce 86
	';'  reduce 86
	')'  reduce 86
	','  reduce 86
	']'  reduce 86


state 133
	expr : expr . '+' expr  (79)
	expr : expr . '-' expr  (80)
	expr : expr . '*' expr  (81)
	expr : expr . '/' expr  (82)
	expr : expr . '%' expr  (83)
	expr : expr . '|' expr  (84)
	expr : expr . '&' expr  (85)
	expr : expr '&' expr .  (85)
	expr : expr . '^' expr  (86)
	expr : expr . '>' expr  (87)
	expr : expr . '<' expr  (88)
	expr : expr . AND expr  (89)
	expr : expr . OR expr  (90)
	expr : expr . EQ expr  (91)
	expr : expr . NE expr  (92)
	expr : expr . GE expr  (93)
	expr : expr . LE expr  (94)

	EQ  shift 95
	NE  shift 96
	LE  shift 97
	GE  shift 98
	'<'  shift 104
	'>'  shift 105
	'+'  shift 106
	'-'  shift 107
	'*'  shift 108
	'/'  shift 109
	'%'  shift 110
	AND  reduce 85
	OR  reduce 85
	'|'  reduce 85
	'^'  reduce 85
	'&'  reduce 85
	';'  reduce 85
	')'  reduce 85
	','  reduce 85
	']'  reduce 85


state 134
	expr : expr . '+' expr  (79)
	expr : expr . '-' expr  (80)
	expr : expr . '*' expr  (81)
	expr : expr . '/' expr  (82)
	expr : expr . '%' expr  (83)
	expr : expr . '|' expr  (84)
	expr : expr . '&' expr  (85)
	expr : expr . '^' expr  (86)
	expr : expr . '>' expr  (87)
	expr : expr . '<' expr  (88)
	expr : expr '<' expr .  (88)
	expr : expr . AND expr  (89)
	expr : expr . OR expr  (90)
	expr : expr . EQ expr  (91)
	expr : expr . NE expr  (92)
	expr : expr . GE expr  (93)
	expr : expr . LE expr  (94)

	'+'  shift 106
	'-'  shift 107
	'*'  shift 108
	'/'  shift 109
	'%'  shift 110
	EQ  reduce 88
	NE  reduce 88
	LE  reduce 88
	GE  reduce 88
	AND  reduce 88
	OR  reduce 88
	'|'  reduce 88
	'^'  reduce 88
	'&'  reduce 88
	'<'  reduce 88
	'>'  reduce 88
	';'  reduce 88
	')'  reduce 88
	','  reduce 88
	']'  reduce 88


state 135
	expr : expr . '+' expr  (79)
	expr : expr . '-' expr  (80)
	expr : expr . '*' expr  (81)
	expr : expr . '/' expr  (82)
	expr : expr . '%' expr  (83)
	expr : expr . '|' expr  (84)
	expr : expr . '&' expr  (85)
	expr : expr . '^' expr  (86)
	expr : expr . '>' expr  (87)
	expr : expr '>' expr .  (87)
	expr : expr . '<' expr  (88)
	expr : expr . AND expr  (89)
	expr : expr . OR expr  (90)
	expr : expr . EQ expr  (91)
	expr : expr . NE expr  (92)
	expr : expr . GE expr  (93)
	expr : expr . LE expr  (94)

	'+'  shift 106
	'-'  shift 107
	'*'  shift 108
	'/'  shift 109
	'%'  shift 110
	EQ  reduce 87
	NE  reduce 87
	LE  reduce 87
	GE  reduce 87
	AND  reduce 87
	OR  reduce 87
	'|'  reduce 87
	'^'  reduce 87
	'&'  reduce 87
	'<'  reduce 87
	'>'  reduce 87
	';'  reduce 87
	')'  reduce 87
	','  reduce 87
	']'  reduce 87


state 136
	expr : expr . '+' expr  (79)
	expr : expr '+' expr .  (79)
	expr : expr . '-' expr  (80)
	expr : expr . '*' expr  (81)
	expr : expr . '/' expr  (82)
	expr : expr . '%' expr  (83)
	expr : expr . '|' expr  (84)
	expr : expr . '&' expr  (85)
	expr : expr . '^' expr  (86)
	expr : expr . '>' expr  (87)
	expr : expr . '<' expr  (88)
	expr : expr . AND expr  (89)
	expr : expr . OR expr  (90)
	expr : expr . EQ expr  (91)
	expr : expr . NE expr  (92)
	expr : expr . GE expr  (93)
	expr : expr . LE expr  (94)

	'*'  shift 108
	'/'  shift 109
	'%'  shift 110
	EQ  reduce 79
	NE  reduce 79
	LE  reduce 79
	GE  reduce 79
	AND  reduce 79
	OR  reduce 79
	'|'  reduce 79
	'^'  reduce 79
	'&'  reduce 79
	'<'  reduce 79
	'>'  reduce 79
	'+'  reduce 79
	'-'  reduce 79
	';'  reduce 79
	')'  reduce 79
	','  reduce 79
	']'  reduce 79


state 137
	expr : expr . '+' expr  (79)
	expr : expr . '-' expr  (80)
	expr : expr '-' expr .  (80)
	expr : expr . '*' expr  (81)
	expr : expr . '/' expr  (82)
	expr : expr . '%' expr  (83)
	expr : expr . '|' expr  (84)
	expr : expr . '&' expr  (85)
	expr : expr . '^' expr  (86)
	expr : expr . '>' expr  (87)
	expr : expr . '<' expr  (88)
	expr : expr . AND expr  (89)
	expr : expr . OR expr  (90)
	expr : expr . EQ expr  (91)
	expr : expr . NE expr  (92)
	expr : expr . GE expr  (93)
	expr : expr . LE expr  (94)

	'*'  shift 108
	'/'  shift 109
	'%'  shift 110
	EQ  reduce 80
	NE  reduce 80
	LE  reduce 80
	GE  reduce 80
	AND  reduce 80
	OR  reduce 80
	'|'  reduce 80
	'^'  reduce 80
	'&'  reduce 80
	'<'  reduce 80
	'>'  reduce 80
	'+'  reduce 80
	'-'  reduce 80
	';'  reduce 80
	')'  reduce 80
	','  reduce 80
	']'  reduce 80


state 138
	expr : expr . '+' expr  (79)
	expr : expr . '-' expr  (80)
	expr : expr . '*' expr  (81)
	expr : expr '*' expr .  (81)
	expr : expr . '/' expr  (82)
	expr : expr . '%' expr  (83)
	expr : expr . '|' expr  (84)
	expr : expr . '&' expr  (85)
	expr : expr . '^' expr  (86)
	expr : expr . '>' expr  (87)
	expr : expr . '<' expr  (88)
	expr : expr . AND expr  (89)
	expr : expr . OR expr  (90)
	expr : expr . EQ expr  (91)
	expr : expr . NE expr  (92)
	expr : expr . GE expr  (93)
	expr : expr . LE expr  (94)

	.  reduce 81


state 139
	expr : expr . '+' expr  (79)
	expr : expr . '-' expr  (80)
	expr : expr . '*' expr  (81)
	expr : expr . '/' expr  (82)
	expr : expr '/' expr .  (82)
	expr : expr . '%' expr  (83)
	expr : expr . '|' expr  (84)
	expr : expr . '&' expr  (85)
	expr : expr . '^' expr  (86)
	expr : expr . '>' expr  (87)
	expr : expr . '<' expr  (88)
	expr : expr . AND expr  (89)
	expr : expr . OR expr  (90)
	expr : expr . EQ expr  (91)
	expr : expr . NE expr  (92)
	expr : expr . GE expr  (93)
	expr : expr . LE expr  (94)

	.  reduce 82


state 140
	expr : expr . '+' expr  (79)
	expr : expr . '-' expr  (80)
	expr : expr . '*' expr  (81)
	expr : expr . '/' expr  (82)
	expr : expr . '%' expr  (83)
	expr : expr '%' expr .  (83)
	expr : expr . '|' expr  (84)
	expr : expr . '&' expr  (85)
	expr : expr . '^' expr  (86)
	expr : expr . '>' expr  (87)
	expr : expr . '<' expr  (88)
	expr : expr . AND expr  (89)
	expr : expr . OR expr  (90)
	expr : expr . EQ expr  (91)
	expr : expr . NE expr  (92)
	expr : expr . GE expr  (93)
	expr : expr . LE expr  (94)

	.  reduce 83


state 141
	statement : RETURN . sc  (55)
	statement : RETURN . expr sc  (56)

	SIZEOF  shift 64
	DEC  shift 27
	INC  shift 28
	IC  shift 65
	RC  shift 66
	ID  shift 67
	CC  shift 68
	SC  shift 69
	BC  shift 70
	'+'  shift 71
	'-'  shift 72
	'!'  shift 73
	'~'  shift 30
	';'  shift 35
	'('  shift 74
	.  error

	expr  goto 171
	variable  goto 76
	const_val  goto 77
	sc  goto 172
	variable_  goto 34
	method_call  goto 78


state 142
	statement : BREAK . sc  (59)

	';'  shift 35
	.  error

	sc  goto 173


state 143
	statement : CONTINUE . sc  (60)

	';'  shift 35
	.  error

	sc  goto 174


state 144
	statement : SIZEOF . '(' typee ')' sc  (61)

	'('  shift 175
	.  error


state 145
	cond_stmt : IF . '(' expr ')' block  (68)
	cond_stmt : IF . '(' expr ')' block ELSE block  (69)

	'('  shift 176
	.  error


state 146
	cond_stmt : SWITCH . '(' ID ')' OF ':' '{' opt_cases DEFAULT ':' block '}'  (70)

	'('  shift 177
	.  error


state 147
	loop_stmt : FOR . '(' opt_var_dcls sc expr sc assignment ')' block  (73)
	loop_stmt : FOR . '(' opt_var_dcls sc expr sc expr ')' block  (74)

	'('  shift 178
	.  error


state 148
	loop_stmt : FOREACH . '(' ID IN ID ')' block  (76)

	'('  shift 179
	.  error


state 149
	loop_stmt : REPEAT . block UNTIL '(' expr ')' sc  (75)

	'{'  shift 112
	.  error

	block  goto 180


state 150
	goto : GOTO . ID  (77)

	ID  shift 181
	.  error


151: reduce/reduce conflict (reduce 28, reduce 43) on DEC
151: reduce/reduce conflict (reduce 28, reduce 43) on INC
state 151
	typee : ID .  (28)
	method_call : ID . '(' opt_parameters ')'  (63)
	label : ID . ':'  (78)
	variable : ID . opt_full_brackets  (103)
	variable : ID . opt_full_brackets '.' variable  (104)
	opt_full_brackets : .  (43)

	'('  shift 90
	':'  shift 182
	DEC  reduce 28
	INC  reduce 28
	ID  reduce 28
	'='  reduce 43
	'~'  reduce 28
	'['  reduce 43
	'.'  reduce 43

	opt_full_brackets  goto 46


state 152
	assignment : variable . '=' expr  (62)
	variable_ : variable . DEC  (109)
	variable_ : variable . INC  (110)

	DEC  shift 49
	INC  shift 50
	'='  shift 183
	.  error


state 153
	block_content : var_dcl . sc block_content  (47)

	';'  shift 35
	.  error

	sc  goto 184


state 154
	block_content : block . block_content  (49)
	block_content : .  (46)

	INT  shift 3
	BOOL  shift 4
	FLOAT  shift 5
	LONG  shift 6
	CHAR  shift 7
	DOUBLE  shift 8
	STRING  shift 9
	VOID  shift 10
	AUTO  shift 11
	CONST  shift 13
	RETURN  shift 141
	BREAK  shift 142
	CONTINUE  shift 143
	SIZEOF  shift 144
	IF  shift 145
	SWITCH  shift 146
	FOR  shift 147
	FOREACH  shift 148
	REPEAT  shift 149
	GOTO  shift 150
	DEC  shift 27
	INC  shift 28
	ID  shift 151
	'~'  shift 30
	'{'  shift 112
	'}'  reduce 46

	typee  goto 58
	variable  goto 152
	var_dcl  goto 153
	block  goto 154
	block_content  goto 185
	statement  goto 156
	assignment  goto 157
	variable_  goto 158
	method_call  goto 159
	cond_stmt  goto 160
	loop_stmt  goto 161
	goto  goto 162
	label  goto 163


state 155
	block : '{' block_content . '}'  (45)

	'}'  shift 186
	.  error


state 156
	block_content : statement . block_content  (48)
	block_content : .  (46)

	INT  shift 3
	BOOL  shift 4
	FLOAT  shift 5
	LONG  shift 6
	CHAR  shift 7
	DOUBLE  shift 8
	STRING  shift 9
	VOID  shift 10
	AUTO  shift 11
	CONST  shift 13
	RETURN  shift 141
	BREAK  shift 142
	CONTINUE  shift 143
	SIZEOF  shift 144
	IF  shift 145
	SWITCH  shift 146
	FOR  shift 147
	FOREACH  shift 148
	REPEAT  shift 149
	GOTO  shift 150
	DEC  shift 27
	INC  shift 28
	ID  shift 151
	'~'  shift 30
	'{'  shift 112
	'}'  reduce 46

	typee  goto 58
	variable  goto 152
	var_dcl  goto 153
	block  goto 154
	block_content  goto 187
	statement  goto 156
	assignment  goto 157
	variable_  goto 158
	method_call  goto 159
	cond_stmt  goto 160
	loop_stmt  goto 161
	goto  goto 162
	label  goto 163


state 157
	statement : assignment . sc  (50)

	';'  shift 35
	.  error

	sc  goto 188


state 158
	statement : variable_ . sc  (51)
	variable : variable_ .  (105)

	';'  shift 35
	DEC  reduce 105
	INC  reduce 105
	'='  reduce 105

	sc  goto 189


state 159
	statement : method_call . sc  (52)

	';'  shift 35
	.  error

	sc  goto 190


state 160
	statement : cond_stmt .  (53)

	.  reduce 53


state 161
	statement : loop_stmt .  (54)

	.  reduce 54


state 162
	statement : goto . sc  (57)

	';'  shift 35
	.  error

	sc  goto 191


state 163
	statement : label .  (58)

	.  reduce 58


state 164
	arguments : arguments ',' typee ID . opt_full_brackets  (17)
	opt_full_brackets : .  (43)

	.  reduce 43

	opt_full_brackets  goto 192


state 165
	func_end : sc .  (11)

	.  reduce 11


state 166
	func_dcl : typee ID $$1 '(' opt_arguments ')' func_end .  (10)

	.  reduce 10


state 167
	func_end : block .  (12)

	.  reduce 12


state 168
	expr : SIZEOF '(' typee ')' .  (102)

	.  reduce 102


state 169
	method_call : ID '(' opt_parameters ')' .  (63)

	.  reduce 63


state 170
	parameters : parameters ',' . expr  (67)

	SIZEOF  shift 64
	DEC  shift 27
	INC  shift 28
	IC  shift 65
	RC  shift 66
	ID  shift 67
	CC  shift 68
	SC  shift 69
	BC  shift 70
	'+'  shift 71
	'-'  shift 72
	'!'  shift 73
	'~'  shift 30
	'('  shift 74
	.  error

	expr  goto 193
	variable  goto 76
	const_val  goto 77
	variable_  goto 34
	method_call  goto 78


state 171
	statement : RETURN expr . sc  (56)
	expr : expr . '+' expr  (79)
	expr : expr . '-' expr  (80)
	expr : expr . '*' expr  (81)
	expr : expr . '/' expr  (82)
	expr : expr . '%' expr  (83)
	expr : expr . '|' expr  (84)
	expr : expr . '&' expr  (85)
	expr : expr . '^' expr  (86)
	expr : expr . '>' expr  (87)
	expr : expr . '<' expr  (88)
	expr : expr . AND expr  (89)
	expr : expr . OR expr  (90)
	expr : expr . EQ expr  (91)
	expr : expr . NE expr  (92)
	expr : expr . GE expr  (93)
	expr : expr . LE expr  (94)

	EQ  shift 95
	NE  shift 96
	LE  shift 97
	GE  shift 98
	AND  shift 99
	OR  shift 100
	'|'  shift 101
	'^'  shift 102
	'&'  shift 103
	'<'  shift 104
	'>'  shift 105
	'+'  shift 106
	'-'  shift 107
	'*'  shift 108
	'/'  shift 109
	'%'  shift 110
	';'  shift 35
	.  error

	sc  goto 194


state 172
	statement : RETURN sc .  (55)

	.  reduce 55


state 173
	statement : BREAK sc .  (59)

	.  reduce 59


state 174
	statement : CONTINUE sc .  (60)

	.  reduce 60


state 175
	statement : SIZEOF '(' . typee ')' sc  (61)

	INT  shift 3
	BOOL  shift 4
	FLOAT  shift 5
	LONG  shift 6
	CHAR  shift 7
	DOUBLE  shift 8
	STRING  shift 9
	VOID  shift 10
	AUTO  shift 11
	ID  shift 14
	.  error

	typee  goto 195


state 176
	cond_stmt : IF '(' . expr ')' block  (68)
	cond_stmt : IF '(' . expr ')' block ELSE block  (69)

	SIZEOF  shift 64
	DEC  shift 27
	INC  shift 28
	IC  shift 65
	RC  shift 66
	ID  shift 67
	CC  shift 68
	SC  shift 69
	BC  shift 70
	'+'  shift 71
	'-'  shift 72
	'!'  shift 73
	'~'  shift 30
	'('  shift 74
	.  error

	expr  goto 196
	variable  goto 76
	const_val  goto 77
	variable_  goto 34
	method_call  goto 78


state 177
	cond_stmt : SWITCH '(' . ID ')' OF ':' '{' opt_cases DEFAULT ':' block '}'  (70)

	ID  shift 197
	.  error


state 178
	loop_stmt : FOR '(' . opt_var_dcls sc expr sc assignment ')' block  (73)
	loop_stmt : FOR '(' . opt_var_dcls sc expr sc expr ')' block  (74)
	opt_var_dcls : .  (35)

	INT  shift 3
	BOOL  shift 4
	FLOAT  shift 5
	LONG  shift 6
	CHAR  shift 7
	DOUBLE  shift 8
	STRING  shift 9
	VOID  shift 10
	AUTO  shift 11
	CONST  shift 13
	ID  shift 14
	';'  reduce 35

	typee  goto 58
	var_dcl  goto 198
	opt_var_dcls  goto 199


state 179
	loop_stmt : FOREACH '(' . ID IN ID ')' block  (76)

	ID  shift 200
	.  error


state 180
	loop_stmt : REPEAT block . UNTIL '(' expr ')' sc  (75)

	UNTIL  shift 201
	.  error


state 181
	goto : GOTO ID .  (77)

	.  reduce 77


state 182
	label : ID ':' .  (78)

	.  reduce 78


state 183
	assignment : variable '=' . expr  (62)

	SIZEOF  shift 64
	DEC  shift 27
	INC  shift 28
	IC  shift 65
	RC  shift 66
	ID  shift 67
	CC  shift 68
	SC  shift 69
	BC  shift 70
	'+'  shift 71
	'-'  shift 72
	'!'  shift 73
	'~'  shift 30
	'('  shift 74
	.  error

	expr  goto 202
	variable  goto 76
	const_val  goto 77
	variable_  goto 34
	method_call  goto 78


state 184
	block_content : var_dcl sc . block_content  (47)
	block_content : .  (46)

	INT  shift 3
	BOOL  shift 4
	FLOAT  shift 5
	LONG  shift 6
	CHAR  shift 7
	DOUBLE  shift 8
	STRING  shift 9
	VOID  shift 10
	AUTO  shift 11
	CONST  shift 13
	RETURN  shift 141
	BREAK  shift 142
	CONTINUE  shift 143
	SIZEOF  shift 144
	IF  shift 145
	SWITCH  shift 146
	FOR  shift 147
	FOREACH  shift 148
	REPEAT  shift 149
	GOTO  shift 150
	DEC  shift 27
	INC  shift 28
	ID  shift 151
	'~'  shift 30
	'{'  shift 112
	'}'  reduce 46

	typee  goto 58
	variable  goto 152
	var_dcl  goto 153
	block  goto 154
	block_content  goto 203
	statement  goto 156
	assignment  goto 157
	variable_  goto 158
	method_call  goto 159
	cond_stmt  goto 160
	loop_stmt  goto 161
	goto  goto 162
	label  goto 163


state 185
	block_content : block block_content .  (49)

	.  reduce 49


state 186
	block : '{' block_content '}' .  (45)

	.  reduce 45


state 187
	block_content : statement block_content .  (48)

	.  reduce 48


state 188
	statement : assignment sc .  (50)

	.  reduce 50


state 189
	statement : variable_ sc .  (51)

	.  reduce 51


state 190
	statement : method_call sc .  (52)

	.  reduce 52


state 191
	statement : goto sc .  (57)

	.  reduce 57


state 192
	arguments : arguments ',' typee ID opt_full_brackets .  (17)
	opt_full_brackets : opt_full_brackets . '[' expr ']'  (44)

	'['  shift 61
	')'  reduce 17
	','  reduce 17


state 193
	parameters : parameters ',' expr .  (67)
	expr : expr . '+' expr  (79)
	expr : expr . '-' expr  (80)
	expr : expr . '*' expr  (81)
	expr : expr . '/' expr  (82)
	expr : expr . '%' expr  (83)
	expr : expr . '|' expr  (84)
	expr : expr . '&' expr  (85)
	expr : expr . '^' expr  (86)
	expr : expr . '>' expr  (87)
	expr : expr . '<' expr  (88)
	expr : expr . AND expr  (89)
	expr : expr . OR expr  (90)
	expr : expr . EQ expr  (91)
	expr : expr . NE expr  (92)
	expr : expr . GE expr  (93)
	expr : expr . LE expr  (94)

	EQ  shift 95
	NE  shift 96
	LE  shift 97
	GE  shift 98
	AND  shift 99
	OR  shift 100
	'|'  shift 101
	'^'  shift 102
	'&'  shift 103
	'<'  shift 104
	'>'  shift 105
	'+'  shift 106
	'-'  shift 107
	'*'  shift 108
	'/'  shift 109
	'%'  shift 110
	')'  reduce 67
	','  reduce 67


state 194
	statement : RETURN expr sc .  (56)

	.  reduce 56


state 195
	statement : SIZEOF '(' typee . ')' sc  (61)

	')'  shift 204
	.  error


state 196
	cond_stmt : IF '(' expr . ')' block  (68)
	cond_stmt : IF '(' expr . ')' block ELSE block  (69)
	expr : expr . '+' expr  (79)
	expr : expr . '-' expr  (80)
	expr : expr . '*' expr  (81)
	expr : expr . '/' expr  (82)
	expr : expr . '%' expr  (83)
	expr : expr . '|' expr  (84)
	expr : expr . '&' expr  (85)
	expr : expr . '^' expr  (86)
	expr : expr . '>' expr  (87)
	expr : expr . '<' expr  (88)
	expr : expr . AND expr  (89)
	expr : expr . OR expr  (90)
	expr : expr . EQ expr  (91)
	expr : expr . NE expr  (92)
	expr : expr . GE expr  (93)
	expr : expr . LE expr  (94)

	EQ  shift 95
	NE  shift 96
	LE  shift 97
	GE  shift 98
	AND  shift 99
	OR  shift 100
	'|'  shift 101
	'^'  shift 102
	'&'  shift 103
	'<'  shift 104
	'>'  shift 105
	'+'  shift 106
	'-'  shift 107
	'*'  shift 108
	'/'  shift 109
	'%'  shift 110
	')'  shift 205
	.  error


state 197
	cond_stmt : SWITCH '(' ID . ')' OF ':' '{' opt_cases DEFAULT ':' block '}'  (70)

	')'  shift 206
	.  error


state 198
	opt_var_dcls : var_dcl .  (36)

	.  reduce 36


state 199
	loop_stmt : FOR '(' opt_var_dcls . sc expr sc assignment ')' block  (73)
	loop_stmt : FOR '(' opt_var_dcls . sc expr sc expr ')' block  (74)

	';'  shift 35
	.  error

	sc  goto 207


state 200
	loop_stmt : FOREACH '(' ID . IN ID ')' block  (76)

	IN  shift 208
	.  error


state 201
	loop_stmt : REPEAT block UNTIL . '(' expr ')' sc  (75)

	'('  shift 209
	.  error


state 202
	assignment : variable '=' expr .  (62)
	expr : expr . '+' expr  (79)
	expr : expr . '-' expr  (80)
	expr : expr . '*' expr  (81)
	expr : expr . '/' expr  (82)
	expr : expr . '%' expr  (83)
	expr : expr . '|' expr  (84)
	expr : expr . '&' expr  (85)
	expr : expr . '^' expr  (86)
	expr : expr . '>' expr  (87)
	expr : expr . '<' expr  (88)
	expr : expr . AND expr  (89)
	expr : expr . OR expr  (90)
	expr : expr . EQ expr  (91)
	expr : expr . NE expr  (92)
	expr : expr . GE expr  (93)
	expr : expr . LE expr  (94)

	EQ  shift 95
	NE  shift 96
	LE  shift 97
	GE  shift 98
	AND  shift 99
	OR  shift 100
	'|'  shift 101
	'^'  shift 102
	'&'  shift 103
	'<'  shift 104
	'>'  shift 105
	'+'  shift 106
	'-'  shift 107
	'*'  shift 108
	'/'  shift 109
	'%'  shift 110
	';'  reduce 62
	')'  reduce 62


state 203
	block_content : var_dcl sc block_content .  (47)

	.  reduce 47


state 204
	statement : SIZEOF '(' typee ')' . sc  (61)

	';'  shift 35
	.  error

	sc  goto 210


state 205
	cond_stmt : IF '(' expr ')' . block  (68)
	cond_stmt : IF '(' expr ')' . block ELSE block  (69)

	'{'  shift 112
	.  error

	block  goto 211


state 206
	cond_stmt : SWITCH '(' ID ')' . OF ':' '{' opt_cases DEFAULT ':' block '}'  (70)

	OF  shift 212
	.  error


state 207
	loop_stmt : FOR '(' opt_var_dcls sc . expr sc assignment ')' block  (73)
	loop_stmt : FOR '(' opt_var_dcls sc . expr sc expr ')' block  (74)

	SIZEOF  shift 64
	DEC  shift 27
	INC  shift 28
	IC  shift 65
	RC  shift 66
	ID  shift 67
	CC  shift 68
	SC  shift 69
	BC  shift 70
	'+'  shift 71
	'-'  shift 72
	'!'  shift 73
	'~'  shift 30
	'('  shift 74
	.  error

	expr  goto 213
	variable  goto 76
	const_val  goto 77
	variable_  goto 34
	method_call  goto 78


state 208
	loop_stmt : FOREACH '(' ID IN . ID ')' block  (76)

	ID  shift 214
	.  error


state 209
	loop_stmt : REPEAT block UNTIL '(' . expr ')' sc  (75)

	SIZEOF  shift 64
	DEC  shift 27
	INC  shift 28
	IC  shift 65
	RC  shift 66
	ID  shift 67
	CC  shift 68
	SC  shift 69
	BC  shift 70
	'+'  shift 71
	'-'  shift 72
	'!'  shift 73
	'~'  shift 30
	'('  shift 74
	.  error

	expr  goto 215
	variable  goto 76
	const_val  goto 77
	variable_  goto 34
	method_call  goto 78


state 210
	statement : SIZEOF '(' typee ')' sc .  (61)

	.  reduce 61


state 211
	cond_stmt : IF '(' expr ')' block .  (68)
	cond_stmt : IF '(' expr ')' block . ELSE block  (69)

	ELSE  shift 216
	INT  reduce 68
	BOOL  reduce 68
	FLOAT  reduce 68
	LONG  reduce 68
	CHAR  reduce 68
	DOUBLE  reduce 68
	STRING  reduce 68
	VOID  reduce 68
	AUTO  reduce 68
	CONST  reduce 68
	RETURN  reduce 68
	BREAK  reduce 68
	CONTINUE  reduce 68
	SIZEOF  reduce 68
	IF  reduce 68
	SWITCH  reduce 68
	FOR  reduce 68
	FOREACH  reduce 68
	REPEAT  reduce 68
	GOTO  reduce 68
	DEC  reduce 68
	INC  reduce 68
	ID  reduce 68
	'~'  reduce 68
	'{'  reduce 68
	'}'  reduce 68


state 212
	cond_stmt : SWITCH '(' ID ')' OF . ':' '{' opt_cases DEFAULT ':' block '}'  (70)

	':'  shift 217
	.  error


state 213
	loop_stmt : FOR '(' opt_var_dcls sc expr . sc assignment ')' block  (73)
	loop_stmt : FOR '(' opt_var_dcls sc expr . sc expr ')' block  (74)
	expr : expr . '+' expr  (79)
	expr : expr . '-' expr  (80)
	expr : expr . '*' expr  (81)
	expr : expr . '/' expr  (82)
	expr : expr . '%' expr  (83)
	expr : expr . '|' expr  (84)
	expr : expr . '&' expr  (85)
	expr : expr . '^' expr  (86)
	expr : expr . '>' expr  (87)
	expr : expr . '<' expr  (88)
	expr : expr . AND expr  (89)
	expr : expr . OR expr  (90)
	expr : expr . EQ expr  (91)
	expr : expr . NE expr  (92)
	expr : expr . GE expr  (93)
	expr : expr . LE expr  (94)

	EQ  shift 95
	NE  shift 96
	LE  shift 97
	GE  shift 98
	AND  shift 99
	OR  shift 100
	'|'  shift 101
	'^'  shift 102
	'&'  shift 103
	'<'  shift 104
	'>'  shift 105
	'+'  shift 106
	'-'  shift 107
	'*'  shift 108
	'/'  shift 109
	'%'  shift 110
	';'  shift 35
	.  error

	sc  goto 218


state 214
	loop_stmt : FOREACH '(' ID IN ID . ')' block  (76)

	')'  shift 219
	.  error


state 215
	loop_stmt : REPEAT block UNTIL '(' expr . ')' sc  (75)
	expr : expr . '+' expr  (79)
	expr : expr . '-' expr  (80)
	expr : expr . '*' expr  (81)
	expr : expr . '/' expr  (82)
	expr : expr . '%' expr  (83)
	expr : expr . '|' expr  (84)
	expr : expr . '&' expr  (85)
	expr : expr . '^' expr  (86)
	expr : expr . '>' expr  (87)
	expr : expr . '<' expr  (88)
	expr : expr . AND expr  (89)
	expr : expr . OR expr  (90)
	expr : expr . EQ expr  (91)
	expr : expr . NE expr  (92)
	expr : expr . GE expr  (93)
	expr : expr . LE expr  (94)

	EQ  shift 95
	NE  shift 96
	LE  shift 97
	GE  shift 98
	AND  shift 99
	OR  shift 100
	'|'  shift 101
	'^'  shift 102
	'&'  shift 103
	'<'  shift 104
	'>'  shift 105
	'+'  shift 106
	'-'  shift 107
	'*'  shift 108
	'/'  shift 109
	'%'  shift 110
	')'  shift 220
	.  error


state 216
	cond_stmt : IF '(' expr ')' block ELSE . block  (69)

	'{'  shift 112
	.  error

	block  goto 221


state 217
	cond_stmt : SWITCH '(' ID ')' OF ':' . '{' opt_cases DEFAULT ':' block '}'  (70)

	'{'  shift 222
	.  error


state 218
	loop_stmt : FOR '(' opt_var_dcls sc expr sc . assignment ')' block  (73)
	loop_stmt : FOR '(' opt_var_dcls sc expr sc . expr ')' block  (74)

	SIZEOF  shift 64
	DEC  shift 27
	INC  shift 28
	IC  shift 65
	RC  shift 66
	ID  shift 67
	CC  shift 68
	SC  shift 69
	BC  shift 70
	'+'  shift 71
	'-'  shift 72
	'!'  shift 73
	'~'  shift 30
	'('  shift 74
	.  error

	expr  goto 223
	variable  goto 224
	const_val  goto 77
	assignment  goto 225
	variable_  goto 34
	method_call  goto 78


state 219
	loop_stmt : FOREACH '(' ID IN ID ')' . block  (76)

	'{'  shift 112
	.  error

	block  goto 226


state 220
	loop_stmt : REPEAT block UNTIL '(' expr ')' . sc  (75)

	';'  shift 35
	.  error

	sc  goto 227


state 221
	cond_stmt : IF '(' expr ')' block ELSE block .  (69)

	.  reduce 69


state 222
	cond_stmt : SWITCH '(' ID ')' OF ':' '{' . opt_cases DEFAULT ':' block '}'  (70)
	opt_cases : .  (71)

	.  reduce 71

	opt_cases  goto 228


state 223
	loop_stmt : FOR '(' opt_var_dcls sc expr sc expr . ')' block  (74)
	expr : expr . '+' expr  (79)
	expr : expr . '-' expr  (80)
	expr : expr . '*' expr  (81)
	expr : expr . '/' expr  (82)
	expr : expr . '%' expr  (83)
	expr : expr . '|' expr  (84)
	expr : expr . '&' expr  (85)
	expr : expr . '^' expr  (86)
	expr : expr . '>' expr  (87)
	expr : expr . '<' expr  (88)
	expr : expr . AND expr  (89)
	expr : expr . OR expr  (90)
	expr : expr . EQ expr  (91)
	expr : expr . NE expr  (92)
	expr : expr . GE expr  (93)
	expr : expr . LE expr  (94)

	EQ  shift 95
	NE  shift 96
	LE  shift 97
	GE  shift 98
	AND  shift 99
	OR  shift 100
	'|'  shift 101
	'^'  shift 102
	'&'  shift 103
	'<'  shift 104
	'>'  shift 105
	'+'  shift 106
	'-'  shift 107
	'*'  shift 108
	'/'  shift 109
	'%'  shift 110
	')'  shift 229
	.  error


state 224
	assignment : variable . '=' expr  (62)
	expr : variable .  (97)
	variable_ : variable . DEC  (109)
	variable_ : variable . INC  (110)

	DEC  shift 49
	INC  shift 50
	'='  shift 183
	EQ  reduce 97
	NE  reduce 97
	LE  reduce 97
	GE  reduce 97
	AND  reduce 97
	OR  reduce 97
	'|'  reduce 97
	'^'  reduce 97
	'&'  reduce 97
	'<'  reduce 97
	'>'  reduce 97
	'+'  reduce 97
	'-'  reduce 97
	'*'  reduce 97
	'/'  reduce 97
	'%'  reduce 97
	')'  reduce 97


state 225
	loop_stmt : FOR '(' opt_var_dcls sc expr sc assignment . ')' block  (73)

	')'  shift 230
	.  error


state 226
	loop_stmt : FOREACH '(' ID IN ID ')' block .  (76)

	.  reduce 76


state 227
	loop_stmt : REPEAT block UNTIL '(' expr ')' sc .  (75)

	.  reduce 75


state 228
	cond_stmt : SWITCH '(' ID ')' OF ':' '{' opt_cases . DEFAULT ':' block '}'  (70)
	opt_cases : opt_cases . CASE int_const ':' block  (72)

	DEFAULT  shift 231
	CASE  shift 232
	.  error


state 229
	loop_stmt : FOR '(' opt_var_dcls sc expr sc expr ')' . block  (74)

	'{'  shift 112
	.  error

	block  goto 233


state 230
	loop_stmt : FOR '(' opt_var_dcls sc expr sc assignment ')' . block  (73)

	'{'  shift 112
	.  error

	block  goto 234


state 231
	cond_stmt : SWITCH '(' ID ')' OF ':' '{' opt_cases DEFAULT . ':' block '}'  (70)

	':'  shift 235
	.  error


state 232
	opt_cases : opt_cases CASE . int_const ':' block  (72)

	IC  shift 236
	CC  shift 237
	.  error

	int_const  goto 238


state 233
	loop_stmt : FOR '(' opt_var_dcls sc expr sc expr ')' block .  (74)

	.  reduce 74


state 234
	loop_stmt : FOR '(' opt_var_dcls sc expr sc assignment ')' block .  (73)

	.  reduce 73


state 235
	cond_stmt : SWITCH '(' ID ')' OF ':' '{' opt_cases DEFAULT ':' . block '}'  (70)

	'{'  shift 112
	.  error

	block  goto 239


state 236
	int_const : IC .  (116)

	.  reduce 116


state 237
	int_const : CC .  (117)

	.  reduce 117


state 238
	opt_cases : opt_cases CASE int_const . ':' block  (72)

	':'  shift 240
	.  error


state 239
	cond_stmt : SWITCH '(' ID ')' OF ':' '{' opt_cases DEFAULT ':' block . '}'  (70)

	'}'  shift 241
	.  error


state 240
	opt_cases : opt_cases CASE int_const ':' . block  (72)

	'{'  shift 112
	.  error

	block  goto 242


state 241
	cond_stmt : SWITCH '(' ID ')' OF ':' '{' opt_cases DEFAULT ':' block '}' .  (70)

	.  reduce 70


state 242
	opt_cases : opt_cases CASE int_const ':' block .  (72)

	.  reduce 72


Rules never reduced:
	opt_brackets :  (18)
	opt_brackets : opt_brackets '[' ']'  (19)


State 151 contains 2 reduce/reduce conflicts.


76 terminals, 37 nonterminals
118 grammar rules, 243 states
